#
# A fatal error has been detected by the Java Runtime Environment:
#
#  Internal Error (javaClasses.cpp:129), pid=3196, tid=436
#  fatal error: Invalid layout of preloaded class
#
# JRE version: 7.0_17-b02
# Java VM: Java HotSpot(TM) Client VM (23.7-b01 mixed mode windows-x86 )
# Failed to write core dump. Minidumps are not enabled by default on client versions of Windows
#
# If you would like to submit a bug report, please visit:
#   http://bugreport.sun.com/bugreport/crash.jsp
#

---------------  T H R E A D  ---------------

Current thread (0x0035a800):  JavaThread "Unknown thread" [_thread_in_vm, id=436, stack(0x012d0000,0x01320000)]

Stack: [0x012d0000,0x01320000],  sp=0x0131f374,  free space=316k
Native frames: (J=compiled Java code, j=interpreted, Vv=VM code, C=native code)
V  [jvm.dll+0x16f261]
V  [jvm.dll+0x1693d6]
V  [jvm.dll+0x2079f]
V  [jvm.dll+0x20826]
V  [jvm.dll+0x2e5bd]
V  [jvm.dll+0x2e869]
V  [jvm.dll+0x77ba1]
V  [jvm.dll+0x77f5b]
V  [jvm.dll+0x1290e1]
V  [jvm.dll+0x149b3a]
V  [jvm.dll+0xa98df]
C  [javaw.exe+0x13ca]
C  [javaw.exe+0x1e3c]
C  [javaw.exe+0xa5a1]
C  [javaw.exe+0xa62b]
C  [kernel32.dll+0x4ed6c]  BaseThreadInitThunk+0x12
C  [ntdll.dll+0x6377b]  RtlInitializeExceptionChain+0xef
C  [ntdll.dll+0x6374e]  RtlInitializeExceptionChain+0xc2


---------------  P R O C E S S  ---------------

Java Threads: ( => current thread )

Other Threads:

=>0x0035a800 (exited) JavaThread "Unknown thread" [_thread_in_vm, id=436, stack(0x012d0000,0x01320000)]

VM state:not at safepoint (not fully initialized)

VM Mutex/Monitor currently owned by a thread: None

GC Heap History (0 events):
No events

Deoptimization events (0 events):
No events

Internal exceptions (0 events):
No events

Events (10 events):
Event: 0.018 loading class 0x01136750 done
Event: 0.018 loading class 0x01135d60 done
Event: 0.018 loading class 0x01135d38
Event: 0.018 loading class 0x011a9f28
Event: 0.019 loading class 0x011a9f28 done
Event: 0.019 loading class 0x011a9f60
Event: 0.019 loading class 0x011a9f60 done
Event: 0.019 loading class 0x011a0178
Event: 0.019 loading class 0x011a0178 done
Event: 0.019 loading class 0x01135d38 done


Dynamic libraries:
0x01250000 - 0x0127f000 	C:\Program Files\Java\jre7\bin\javaw.exe
0x76ff0000 - 0x7712c000 	C:\Windows\SYSTEM32\ntdll.dll
0x76940000 - 0x76a14000 	C:\Windows\system32\kernel32.dll
0x75220000 - 0x7526b000 	C:\Windows\system32\KERNELBASE.dll
0x76e30000 - 0x76ed0000 	C:\Windows\system32\ADVAPI32.dll
0x76890000 - 0x7693c000 	C:\Windows\system32\msvcrt.dll
0x77140000 - 0x77159000 	C:\Windows\SYSTEM32\sechost.dll
0x76c20000 - 0x76cc1000 	C:\Windows\system32\RPCRT4.dll
0x76a20000 - 0x76ae9000 	C:\Windows\system32\USER32.dll
0x75760000 - 0x757ae000 	C:\Windows\system32\GDI32.dll
0x76880000 - 0x7688a000 	C:\Windows\system32\LPK.dll
0x76af0000 - 0x76b8d000 	C:\Windows\system32\USP10.dll
0x740c0000 - 0x7425e000 	C:\Windows\WinSxS\x86_microsoft.windows.common-controls_6595b64144ccf1df_6.0.7601.17514_none_41e6975e2bd6f2b2\COMCTL32.dll
0x76bc0000 - 0x76c17000 	C:\Windows\system32\SHLWAPI.dll
0x77160000 - 0x7717f000 	C:\Windows\system32\IMM32.DLL
0x75840000 - 0x7590c000 	C:\Windows\system32\MSCTF.dll
0x5df50000 - 0x5e00e000 	C:\Program Files\Java\jre7\bin\msvcr100.dll
0x5e570000 - 0x5e8bc000 	C:\Program Files\Java\jre7\bin\client\jvm.dll
0x731b0000 - 0x731b7000 	C:\Windows\system32\WSOCK32.dll
0x75800000 - 0x75835000 	C:\Windows\system32\WS2_32.dll
0x77180000 - 0x77186000 	C:\Windows\system32\NSI.dll
0x73b00000 - 0x73b32000 	C:\Windows\system32\WINMM.dll
0x75480000 - 0x75485000 	C:\Windows\system32\PSAPI.DLL
0x66b90000 - 0x66b9c000 	C:\Program Files\Java\jre7\bin\verify.dll
0x667d0000 - 0x667f0000 	C:\Program Files\Java\jre7\bin\java.dll
0x667f0000 - 0x66803000 	C:\Program Files\Java\jre7\bin\zip.dll
0x69380000 - 0x6946b000 	C:\Windows\system32\dbghelp.dll

VM Arguments:
jvm_args: -Dfile.encoding=Cp1252 -Xbootclasspath:C:\Users\Zuri\Desktop\adt-bundle-windows-x86\sdk\platforms\android-17\android.jar 
java_command: com.scripturesos.tantest.connection.ClientSocketTest
Launcher Type: SUN_STANDARD

Environment Variables:
PATH=C:/Program Files/Java/jre7/bin/client;C:/Program Files/Java/jre7/bin;C:/Program Files/Java/jre7/lib/i386;C:\Program Files\Common Files\Microsoft Shared\Windows Live;C:\Windows\system32;C:\Windows;C:\Windows\System32\Wbem;C:\Windows\System32\WindowsPowerShell\v1.0\;C:\Program Files\Windows Live\Shared;C:\Program Files\TortoiseSVN\bin;C:\Users\Zuri\Desktop\adt-bundle-windows-x86\eclipse;
USERNAME=Zuri
OS=Windows_NT
PROCESSOR_IDENTIFIER=x86 Family 6 Model 15 Stepping 13, GenuineIntel



---------------  S Y S T E M  ---------------

OS: Windows 7 Build 7601 Service Pack 1

CPU:total 2 (2 cores per cpu, 1 threads per core) family 6 model 15 stepping 13, cmov, cx8, fxsr, mmx, sse, sse2, sse3, ssse3, tsc

Memory: 4k page, physical 2882808k(1370140k free), swap 5763860k(4140744k free)

vm_info: Java HotSpot(TM) Client VM (23.7-b01) for windows-x86 JRE (1.7.0_17-b02), built on Mar  1 2013 05:04:36 by "java_re" with unknown MS VC++:1600

time: Thu Mar 28 23:58:54 2013
elapsed time: 0 seconds

